<?xml version="1.0" encoding="UTF-8"?>
<!-- Generated by org.testng.reporters.JUnitReportReporter -->
<testsuite hostname="DESKTOP-FVL7V1F" failures="0" tests="1" name="Testcases.Admin_login_testcase" time="3.188" errors="0" timestamp="2023-07-02T09:38:44 IST" skipped="0">
  <testcase classname="Testcases.Admin_login_testcase" name="checkAdminLogin" time="3.188"/>
</testsuite> <!-- Testcases.Admin_login_testcase -->
